#
# There is insufficient memory for the Java Runtime Environment to continue.
# Native memory allocation (mmap) failed to map 266338304 bytes for G1 virtual space
# Possible reasons:
#   The system is out of physical RAM or swap space
#   The process is running with CompressedOops enabled, and the Java Heap may be blocking the growth of the native heap
# Possible solutions:
#   Reduce memory load on the system
#   Increase physical memory or swap space
#   Check if swap backing store is full
#   Decrease Java heap size (-Xmx/-Xms)
#   Decrease number of Java threads
#   Decrease Java thread stack sizes (-Xss)
#   Set larger code cache with -XX:ReservedCodeCacheSize=
#   JVM is running with Zero Based Compressed Oops mode in which the Java heap is
#     placed in the first 32GB address space. The Java Heap base address is the
#     maximum limit for the native heap growth. Please use -XX:HeapBaseMinAddress
#     to set the Java Heap base and to place the Java Heap above 32GB virtual address.
# This output file may be truncated or incomplete.
#
#  Out of Memory Error (os_windows.cpp:3532), pid=10104, tid=23008
#
# JRE version:  (17.0.2+8) (build )
# Java VM: Java HotSpot(TM) 64-Bit Server VM (17.0.2+8-LTS-86, mixed mode, sharing, tiered, compressed oops, compressed class ptrs, g1 gc, windows-amd64)
# No core dump will be written. Minidumps are not enabled by default on client versions of Windows
#

---------------  S U M M A R Y ------------

Command Line: net.bytebuddy.agent.Attacher com.sun.tools.attach.VirtualMachine 17728 E:\Steam\steamapps\common\Necesse\lib\byte-buddy-agent-1.12.8.jar false 

Host: AMD Ryzen 5 5500                               , 12 cores, 15G,  Windows 10 , 64 bit Build 19041 (10.0.19041.2546)
Time: Sat Mar  9 20:34:38 2024  Windows 10 , 64 bit Build 19041 (10.0.19041.2546) elapsed time: 0.016255 seconds (0d 0h 0m 0s)

---------------  T H R E A D  ---------------

Current thread (0x0000020d7fbf4560):  JavaThread "Unknown thread" [_thread_in_vm, id=23008, stack(0x0000000e6a500000,0x0000000e6a600000)]

Stack: [0x0000000e6a500000,0x0000000e6a600000]
Native frames: (J=compiled Java code, j=interpreted, Vv=VM code, C=native code)
V  [jvm.dll+0x670baa]
V  [jvm.dll+0x7cfcb4]
V  [jvm.dll+0x7d145e]
V  [jvm.dll+0x7d1ac3]
V  [jvm.dll+0x242bc5]
V  [jvm.dll+0x66dac9]
V  [jvm.dll+0x662412]
V  [jvm.dll+0x300c0b]
V  [jvm.dll+0x3081a6]
V  [jvm.dll+0x357d0e]
V  [jvm.dll+0x357f3f]
V  [jvm.dll+0x2d7ec8]
V  [jvm.dll+0x2d8e34]
V  [jvm.dll+0x7a18c1]
V  [jvm.dll+0x365a91]
V  [jvm.dll+0x780d2c]
V  [jvm.dll+0x3e845f]
V  [jvm.dll+0x3e9f01]
C  [jli.dll+0x527b]
C  [ucrtbase.dll+0x21bb2]
C  [KERNEL32.DLL+0x17614]
C  [ntdll.dll+0x526a1]


---------------  P R O C E S S  ---------------

Threads class SMR info:
_java_thread_list=0x00007ffa4c4f9858, length=0, elements={
}

Java Threads: ( => current thread )

Other Threads:
  0x0000020d7fc4bad0 GCTaskThread "GC Thread#0" [stack: 0x0000000e6a600000,0x0000000e6a700000] [id=20516]
  0x0000020d7fc5cc40 ConcurrentGCThread "G1 Main Marker" [stack: 0x0000000e6a700000,0x0000000e6a800000] [id=21276]
  0x0000020d7fc5ddf0 ConcurrentGCThread "G1 Conc#0" [stack: 0x0000000e6a800000,0x0000000e6a900000] [id=22672]

[error occurred during error reporting (printing all threads), id 0xc0000005, EXCEPTION_ACCESS_VIOLATION (0xc0000005) at pc=0x00007ffa4bd488a7]

VM state: not at safepoint (not fully initialized)

VM Mutex/Monitor currently owned by a thread:  ([mutex/lock_event])
[0x0000020d7fbf0e30] Heap_lock - owner thread: 0x0000020d7fbf4560

Heap address: 0x0000000702000000, size: 4064 MB, Compressed Oops mode: Zero based, Oop shift amount: 3

CDS archive(s) mapped at: [0x0000000000000000-0x0000000000000000-0x0000000000000000), size 0, SharedBaseAddress: 0x0000000800000000, ArchiveRelocationMode: 0.
Narrow klass base: 0x0000000000000000, Narrow klass shift: 0, Narrow klass range: 0x0

GC Precious Log:
<Empty>

Heap:
 garbage-first heap   total 0K, used 0K [0x0000000702000000, 0x0000000800000000)
  region size 2048K, 0 young (0K), 0 survivors (0K)

[error occurred during error reporting (printing heap information), id 0xc0000005, EXCEPTION_ACCESS_VIOLATION (0xc0000005) at pc=0x00007ffa4c129f19]

GC Heap History (0 events):
No events

Deoptimization events (0 events):
No events

Classes unloaded (0 events):
No events

Classes redefined (0 events):
No events

Internal exceptions (0 events):
No events

VM Operations (0 events):
No events

Events (1 events):
Event: 0.010 Loaded shared library C:\Program Files\Java\jdk-17.0.2\bin\java.dll


Dynamic libraries:
0x00007ff66e030000 - 0x00007ff66e040000 	C:\Program Files\Java\jdk-17.0.2\bin\java.exe
0x00007ffaacaf0000 - 0x00007ffaacce8000 	C:\WINDOWS\SYSTEM32\ntdll.dll
0x00007ffaabdb0000 - 0x00007ffaabe6f000 	C:\WINDOWS\System32\KERNEL32.DLL
0x00007ffaaa2f0000 - 0x00007ffaaa5c2000 	C:\WINDOWS\System32\KERNELBASE.dll
0x00007ffaaa760000 - 0x00007ffaaa860000 	C:\WINDOWS\System32\ucrtbase.dll
0x00007ffaa5ef0000 - 0x00007ffaa5f08000 	C:\Program Files\Java\jdk-17.0.2\bin\jli.dll
0x00007ffaa5ff0000 - 0x00007ffaa600a000 	C:\Program Files\Java\jdk-17.0.2\bin\VCRUNTIME140.dll
0x00007ffaab640000 - 0x00007ffaab6ee000 	C:\WINDOWS\System32\ADVAPI32.dll
0x00007ffaab730000 - 0x00007ffaab7ce000 	C:\WINDOWS\System32\msvcrt.dll
0x00007ffaac3c0000 - 0x00007ffaac45c000 	C:\WINDOWS\System32\sechost.dll
0x00007ffaab340000 - 0x00007ffaab464000 	C:\WINDOWS\System32\RPCRT4.dll
0x00007ffaac460000 - 0x00007ffaac601000 	C:\WINDOWS\System32\USER32.dll
0x00007ffaaa5d0000 - 0x00007ffaaa5f2000 	C:\WINDOWS\System32\win32u.dll
0x00007ffa99350000 - 0x00007ffa995ea000 	C:\WINDOWS\WinSxS\amd64_microsoft.windows.common-controls_6595b64144ccf1df_6.0.19041.1110_none_60b5254171f9507e\COMCTL32.dll
0x00007ffaab6f0000 - 0x00007ffaab71b000 	C:\WINDOWS\System32\GDI32.dll
0x00007ffaaa900000 - 0x00007ffaaaa0f000 	C:\WINDOWS\System32\gdi32full.dll
0x00007ffaaa860000 - 0x00007ffaaa8fd000 	C:\WINDOWS\System32\msvcp_win.dll
0x00007ffaa9cc0000 - 0x00007ffaa9cca000 	C:\WINDOWS\SYSTEM32\VERSION.dll
0x00007ffaab310000 - 0x00007ffaab340000 	C:\WINDOWS\System32\IMM32.DLL
0x000000005c920000 - 0x000000005c92c000 	C:\Program Files (x86)\360\Total Security\safemon\SafeWrapper.dll
0x00007ffa5dcf0000 - 0x00007ffa5dd82000 	C:\Program Files (x86)\360\Total Security\safemon\libzdtp64.dll
0x00007ffaaab40000 - 0x00007ffaab285000 	C:\WINDOWS\System32\SHELL32.dll
0x00007ffaab950000 - 0x00007ffaab9a5000 	C:\WINDOWS\System32\SHLWAPI.dll
0x00007ffa47a20000 - 0x00007ffa47bb1000 	E:\Steam\gameoverlayrenderer64.dll
0x00007ffaab9b0000 - 0x00007ffaabada000 	C:\WINDOWS\System32\ole32.dll
0x00007ffaac6f0000 - 0x00007ffaaca45000 	C:\WINDOWS\System32\combase.dll
0x00007ffaab7d0000 - 0x00007ffaab89d000 	C:\WINDOWS\System32\OLEAUT32.dll
0x00007ffaaaac0000 - 0x00007ffaaab0e000 	C:\WINDOWS\System32\CFGMGR32.dll
0x00007ffaab300000 - 0x00007ffaab308000 	C:\WINDOWS\System32\PSAPI.DLL
0x00007ffa9c560000 - 0x00007ffa9c587000 	C:\WINDOWS\SYSTEM32\WINMM.dll
0x00007ffaa5f90000 - 0x00007ffaa5f9c000 	C:\Program Files\Java\jdk-17.0.2\bin\vcruntime140_1.dll
0x00007ffa7c720000 - 0x00007ffa7c7ad000 	C:\Program Files\Java\jdk-17.0.2\bin\msvcp140.dll
0x00007ffa4ba60000 - 0x00007ffa4c621000 	C:\Program Files\Java\jdk-17.0.2\bin\server\jvm.dll
0x00007ffa8ad20000 - 0x00007ffa8ad29000 	C:\WINDOWS\SYSTEM32\WSOCK32.dll
0x00007ffaab290000 - 0x00007ffaab2fb000 	C:\WINDOWS\System32\WS2_32.dll
0x00007ffaa8060000 - 0x00007ffaa8072000 	C:\WINDOWS\SYSTEM32\kernel.appcore.dll
0x00007ffaa5c80000 - 0x00007ffaa5c8a000 	C:\Program Files\Java\jdk-17.0.2\bin\jimage.dll
0x00007ffaa3a50000 - 0x00007ffaa3c34000 	C:\WINDOWS\SYSTEM32\DBGHELP.DLL
0x00007ffa97a00000 - 0x00007ffa97a35000 	C:\WINDOWS\SYSTEM32\dbgcore.DLL
0x00007ffaaa260000 - 0x00007ffaaa2e2000 	C:\WINDOWS\System32\bcryptPrimitives.dll
0x00007ffaa30c0000 - 0x00007ffaa30e5000 	C:\Program Files\Java\jdk-17.0.2\bin\java.dll

dbghelp: loaded successfully - version: 4.0.5 - missing functions: none
symbol engine: initialized successfully - sym options: 0x614 - pdb path: .;C:\Program Files\Java\jdk-17.0.2\bin;C:\WINDOWS\SYSTEM32;C:\WINDOWS\WinSxS\amd64_microsoft.windows.common-controls_6595b64144ccf1df_6.0.19041.1110_none_60b5254171f9507e;C:\Program Files (x86)\360\Total Security\safemon;E:\Steam;C:\Program Files\Java\jdk-17.0.2\bin\server

VM Arguments:
java_command: net.bytebuddy.agent.Attacher com.sun.tools.attach.VirtualMachine 17728 E:\Steam\steamapps\common\Necesse\lib\byte-buddy-agent-1.12.8.jar false 
java_class_path (initial): E:\Steam\steamapps\common\Necesse\lib\byte-buddy-agent-1.12.8.jar
Launcher Type: SUN_STANDARD

[Global flags]
     intx CICompilerCount                          = 4                                         {product} {ergonomic}
     uint ConcGCThreads                            = 3                                         {product} {ergonomic}
     uint G1ConcRefinementThreads                  = 10                                        {product} {ergonomic}
   size_t G1HeapRegionSize                         = 2097152                                   {product} {ergonomic}
    uintx GCDrainStackTargetSize                   = 64                                        {product} {ergonomic}
   size_t InitialHeapSize                          = 266338304                                 {product} {ergonomic}
   size_t MarkStackSize                            = 4194304                                   {product} {ergonomic}
   size_t MaxHeapSize                              = 4261412864                                {product} {ergonomic}
   size_t MinHeapDeltaBytes                        = 2097152                                   {product} {ergonomic}
   size_t MinHeapSize                              = 8388608                                   {product} {ergonomic}
    uintx NonNMethodCodeHeapSize                   = 5839372                                {pd product} {ergonomic}
    uintx NonProfiledCodeHeapSize                  = 122909434                              {pd product} {ergonomic}
    uintx ProfiledCodeHeapSize                     = 122909434                              {pd product} {ergonomic}
    uintx ReservedCodeCacheSize                    = 251658240                              {pd product} {ergonomic}
     bool SegmentedCodeCache                       = true                                      {product} {ergonomic}
   size_t SoftMaxHeapSize                          = 4261412864                             {manageable} {ergonomic}
     bool UseCompressedClassPointers               = true                           {product lp64_product} {ergonomic}
     bool UseCompressedOops                        = true                           {product lp64_product} {ergonomic}
     bool UseG1GC                                  = true                                      {product} {ergonomic}
     bool UseLargePagesIndividualAllocation        = false                                  {pd product} {ergonomic}

Logging:
Log output configuration:
 #0: stdout all=warning uptime,level,tags
 #1: stderr all=off uptime,level,tags

Environment Variables:
PATH=C:\Program Files\Common Files\Oracle\Java\javapath;C:\Program Files (x86)\Common Files\Oracle\Java\javapath;C:\ProgramData\Oracle\Java\javapath;C:\WINDOWS\system32;C:\WINDOWS;C:\WINDOWS\System32\Wbem;C:\WINDOWS\System32\WindowsPowerShell\v1.0\;C:\WINDOWS\System32\OpenSSH\;C:\Program Files\nodejs\;C:\Program Files\Git\cmd;C:\Program Files\dotnet\;C:\Program Files\Java\jdk-17.0.2\bin;C:\Program Files (x86)\Windows Kits\10\Windows Performance Toolkit\;C:\Gradle\gradle-7.3\bin;C:\Users\User-W10-5898636\AppData\Local\Programs\Python\Launcher\;C:\Users\User-W10-5898636\AppData\Local\Programs\Python\Python312\Scripts\;C:\Users\User-W10-5898636\AppData\Local\Programs\Python\Python312\;C:\Users\User-W10-5898636\AppData\Local\Microsoft\WindowsApps;C:\Users\User-W10-5898636\AppData\Roaming\npm;C:\Users\User-W10-5898636\.dotnet\tools;C:\Users\User-W10-5898636\AppData\Local\Programs\Microsoft VS Code\bin;E:\apps\ffmpeg\bin;
USERNAME=User-W10-5898636
OS=Windows_NT
PROCESSOR_IDENTIFIER=AMD64 Family 25 Model 80 Stepping 0, AuthenticAMD



---------------  S Y S T E M  ---------------

OS:
 Windows 10 , 64 bit Build 19041 (10.0.19041.2546)
OS uptime: 0 days 8:14 hours

CPU: total 12 (initial active 12) (12 cores per cpu, 2 threads per core) family 25 model 80 stepping 0 microcode 0x0, cx8, cmov, fxsr, ht, mmx, 3dnowpref, sse, sse2, sse3, ssse3, sse4a, sse4.1, sse4.2, popcnt, lzcnt, tsc, tscinvbit, avx, avx2, aes, erms, clmul, bmi1, bmi2, adx, sha, fma, vzeroupper, clflush, clflushopt

Memory: 4k page, system-wide physical 16252M (3588M free)
TotalPageFile size 22220M (AvailPageFile size 167M)
current process WorkingSet (physical memory assigned to process): 30M, peak: 30M
current process commit charge ("private bytes"): 66M, peak: 320M

vm_info: Java HotSpot(TM) 64-Bit Server VM (17.0.2+8-LTS-86) for windows-amd64 JRE (17.0.2+8-LTS-86), built on Dec  7 2021 21:51:03 by "mach5one" with MS VC++ 16.8 / 16.9 (VS2019)

END.
